Log de errores - 2025-06-25 19:17:08.172844
==================================================
Fila 1 (KIT DE CONEXIÓN PARA AUTOMÓVIL): HTTP 200
Fila 2 (PORTA-CELULAR MAGNÉTICO PARA VEHÍCULO): HTTP 200
Fila 3 (BASURERO PARA VEHÍCULO DE TNT): HTTP 200
Fila 4 (BASURERO PARA VEHÍCULO DE TNT): HTTP 200
Fila 5 (KIT DE EMERGENCIA PARA VEHÍCULO): HTTP 200
Fila 6 (SET DE LAVADO DE AUTOS 6 EN 1): HTTP 200
Fila 7 (PARASOL VEHÍCULO): HTTP 200
Fila 8 (BASURERO PARA VEHÍCULO SUBLIMACIÓN): HTTP 200
Fila 9 (CARD TOOL MANICURE SET): HTTP 200
Fila 10 (COSMETIQUERO GRANDE DE PVC): HTTP 200
Fila 11 (ESPEJO CON RELOJ DIGITAL): HTTP 200
Fila 12 (ESPEJO ECONÓMICO DE BOLSILLO): HTTP 200
Fila 13 (ESPEJO DE ALUMINIO): HTTP 200
Fila 14 (SET DE MANICURE METÁLICO): HTTP 200
Fila 15 (COLGADOR DE CARTERAS): HTTP 200
Fila 16 (PASTILLERO TRIZONE): HTTP 200
Fila 17 (NECESSAIRE XD): HTTP 200
Fila 18 (DELUXE SET DE COSTURA): HTTP 200
Fila 19 (BOLSA DE PVC CLEAR): HTTP 200
Fila 20 (COLGADOR DE CARTERAS): HTTP 200
Fila 21 (NECESSAIRE DE MICROFIBRA): HTTP 200
Fila 22 (COLGADOR DE CARTERAS SPIRAL): HTTP 200
Fila 23 (PEINE CON ESPEJO): HTTP 200
Fila 24 (PASTILLERO BIZONE): HTTP 200
Fila 25 (SET DE COSTURA CON ESPEJO): HTTP 200
Fila 26 (KIT DE PRIMEROS AUXILIOS 50 EN 1): HTTP 200
Fila 27 (USB MASAJEADOR): HTTP 200
Fila 28 (BOTIQUÍN DE EMERGENCIA): HTTP 200
Fila 29 (DIFUSOR DE AROMA CON MÚSICA): HTTP 200
Fila 30 (DIFUSOR DE AROMA CON MÚSICA): HTTP 200
Fila 31 (ESPEJO PLATEADO DOBLE): HTTP 200
Fila 32 (ESPEJO PLATEADO): HTTP 200
Fila 33 (JOYERO DE PU NEGRO): HTTP 200
Fila 34 (CANASTO SPA GRANDE): HTTP 200
Fila 35 (CANASTO SPA REDONDO): HTTP 200
Fila 36 (LLAVERO SET DE MANICURE): HTTP 200
Fila 37 (CEPILLO RECTANGULAR CON ESPEJO): HTTP 200
Fila 38 (ESPEJO REDONDO DE BAMBOO Y ECO-CUERO): HTTP 200
Fila 39 (TOALLA FACIAL DE MICROFIBRA): HTTP 200
Fila 40 (MAT (ALFOMBRILLA) DE YOGA/PILATES): HTTP 200
Fila 41 (DELUXE MAT DE YOGA/PILATES): HTTP 200
Fila 42 (LADRILLO DE YOGA/PILATES): HTTP 200
Fila 43 (RODILLO LISO DE YOGA/PILATES): HTTP 200
Fila 44 (SOFTBALL INFLABLE PEQUEÑO DE YOGA/PILATE): HTTP 200
Fila 45 (DISCO «BALANCE BOARD»): HTTP 200
Fila 46 (BOMBÍN (INFLADOR) DE YOGA/PILATES): HTTP 200
Fila 47 (NECESSAIRE TREVI): HTTP 200
Fila 48 (ESTRELLA ANTI-STRESS): HTTP 200
Fila 49 (CASCO ANTI-STRESS): HTTP 200
Fila 50 (Nº1 ANTI-STRESS): HTTP 200
Fila 51 (CORAZÓN ANTI-STRESS): HTTP 200
Fila 52 (PELOTA ANTI-STRESS): HTTP 200
Fila 53 (TOALLA FACIAL SUBLIMACIÓN): HTTP 200
Fila 54 (ANTIFAZ SUBLIMACIÓN): HTTP 200
Fila 55 (PAR DE PANTUFLAS SUBLIMACIÓN): HTTP 200
Fila 56 (COLGADOR DE CARTERAS SUBLIMACIÓN): HTTP 200
Fila 57 (ESPEJO METÁLICO CUADRADO SUBLIMACIÓN): HTTP 200
Fila 58 (ESPEJO METÁLICO REDONDO SUBLIMACIÓN): HTTP 200
Fila 59 (COSMETIQUERO PLATEADO SUBLIMACIÓN): HTTP 200
Fila 60 (NECESSAIRE SUBLIMACIÓN): HTTP 200
Fila 61 (ESPEJO METÁLICO DOBLE SUBLIMACIÓN): HTTP 200
Fila 62 (ESTUCHE CORCHO Y POLIÉSTER SUBLIMACIÓN): HTTP 200
Fila 63 (CAJA METÁLICA REDONDA SUBLIMACIÓN): HTTP 200
Fila 64 (CAJA METÁLICA CORAZÓN SUBLIMACIÓN): HTTP 200
Fila 65 (CAJA METÁLICA RECTANGULAR SUBLIMACIÓN): HTTP 200
Fila 66 (BILLETERA PORTA-PASAPORTE «ORLY»): HTTP 200
Fila 67 (BILLETERA DE CUERO): HTTP 200
Fila 68 (DELUXE BILLETERA DE CUERO): HTTP 200
Fila 69 (DELUXE BILLETERA DE CUERO): HTTP 200
Fila 70 (BILLETERA DE ECO-CUERO «GEORGIA»): HTTP 200
Fila 71 (BILLETERA VERTICAL DE ECO-CUERO «LAM»): HTTP 200
Fila 72 (PORTA-TARJETA PARA CELULAR): HTTP 200
Fila 73 (PORTA-DOCUMENTOS DE FIELTRO): HTTP 200
Fila 74 (PORTA-TARJETAS ANTI-CLONACIÓN RFID): HTTP 200
Fila 75 (PORTA-TARJETAS ANTI-CLONACIÓN POWER BANK): HTTP 200
Fila 76 (FUNDA PROTECTORA TARJETAS ANTI-CLONACIÓN): HTTP 200
Fila 77 (ROLLER PEN BAMBOO Y METAL): HTTP 200
Fila 78 (SET BOLÍGRAFO ESTUCHE DE BAMBOO): HTTP 200
Fila 79 (BOLÍGRAFO EJECUTIVO BAMBOO): HTTP 200
Fila 80 (BOLÍGRAFO DE BAMBOO): HTTP 200
Fila 81 (BOLÍGRAFO DE BAMBOO): HTTP 200
Fila 82 (DELUXE BOLÍGRAFO BAMBOO/METAL): HTTP 200
Fila 83 (DELUXE ROLLER PEN BAMBOO): HTTP 200
Fila 84 (SET DE ESCRITURA DE BAMBOO): HTTP 200
Fila 85 (BOLÍGRAFO BAMBOO ENVIRO): HTTP 200
Fila 86 (BOLÍGRAFO ECOLÓGICO DE BAMBOO «WIND»): HTTP 200
Fila 87 (LÁPIZ DE BAMBOO CON PUNTA TUNGSTENO.): HTTP 200
Fila 88 (BOLÍGRAFO ECOLÓGICO DE BAMBOO «EVA»): HTTP 200
Fila 89 (BOLÍGRAFO ECOLÓGICO «BIOS»): HTTP 200
Fila 90 (SET LÁPICES COLORES MADERA): HTTP 200
Fila 91 (BOLÍGRAFO BAMBOO SUSTENTA): HTTP 200
Fila 92 (DELUXE LÁPIZ GRAFITO NEGRO): HTTP 200
Fila 93 (BOLÍGRAFO DE BAMBOO): HTTP 200
Fila 94 (BOLÍGRAFO ECOLÓGICO HOJA): HTTP 200
Fila 95 (BOLÍGRAFO DE MADERA): HTTP 200
Fila 96 (BOLÍGRAFO ECOLÓGICO): HTTP 200
Fila 97 (SET 12 LÁPICES DE COLOR): HTTP 200
Fila 98 (LÁPIZ GRAFITO LARGO): HTTP 200
Fila 99 (LÁPIZ GRAFITO CORTO): HTTP 200
Fila 100 (SET 4 LÁPICES DE GRAFITO NEGRO): HTTP 200
